Build started 20/04/2023 11:53:23 CH.
     1>Project "E:\Thư mục mới\GameDemo\GameDemo\GameDemo.vcxproj" on node 2 (Build target(s)).
     1>ClCompile:
         C:\Program Files (x86)\VC\bin\CL.exe /c /ZI /nologo /W3 /WX- /sdl /Od /Oy- /D WIN32 /D _DEBUG /D _CONSOLE /D _LIB /D _UNICODE /D UNICODE /Gm /EHsc /RTC1 /MDd /GS /fp:precise /Zc:wchar_t /Zc:forScope /Fo"Debug\\" /Fd"Debug\vc120.pdb" /Gd /TP /analyze- /errorReport:prompt main.cpp
         main.cpp
     1>e:\thư mục mới\gamedemo\gamedemo\main.cpp(71): warning C4244: '=' : conversion from 'double' to 'int', possible loss of data
     1>e:\thư mục mới\gamedemo\gamedemo\main.cpp(147): warning C4244: 'initializing' : conversion from 'double' to 'int', possible loss of data
     1>e:\thư mục mới\gamedemo\gamedemo\main.cpp(148): warning C4244: 'initializing' : conversion from 'double' to 'int', possible loss of data
     1>e:\thư mục mới\gamedemo\gamedemo\main.cpp(173): warning C4018: '<' : signed/unsigned mismatch
     1>e:\thư mục mới\gamedemo\gamedemo\main.cpp(188): warning C4018: '<' : signed/unsigned mismatch
     1>e:\thư mục mới\gamedemo\gamedemo\main.cpp(198): warning C4244: 'initializing' : conversion from 'double' to 'int', possible loss of data
     1>e:\thư mục mới\gamedemo\gamedemo\main.cpp(199): warning C4244: 'initializing' : conversion from 'double' to 'int', possible loss of data
       Link:
         C:\Program Files (x86)\VC\bin\link.exe /ERRORREPORT:PROMPT /OUT:"E:\Thư mục mới\GameDemo\Debug\GameDemo.exe" /INCREMENTAL /NOLOGO SDL.lib SDLmain.lib SDL_image.lib SDL_mixer.lib SDL_ttf.lib kernel32.lib user32.lib gdi32.lib winspool.lib comdlg32.lib advapi32.lib shell32.lib ole32.lib oleaut32.lib uuid.lib odbc32.lib odbccp32.lib /MANIFEST /MANIFESTUAC:"level='asInvoker' uiAccess='false'" /manifest:embed /DEBUG /PDB:"E:\Thư mục mới\GameDemo\Debug\GameDemo.pdb" /SUBSYSTEM:WINDOWS /TLBID:1 /DYNAMICBASE /NXCOMPAT /IMPLIB:"E:\Thư mục mới\GameDemo\Debug\GameDemo.lib" /MACHINE:X86 Debug\AmoObject.obj
         Debug\BaseObject.obj
         Debug\Common_Function.obj
         Debug\ExplosionObject.obj
         Debug\main.obj
         Debug\MainObject.obj
         Debug\ThreatsObject.obj
         GameDemo.vcxproj -> E:\Thư mục mới\GameDemo\Debug\GameDemo.exe
     1>Done Building Project "E:\Thư mục mới\GameDemo\GameDemo\GameDemo.vcxproj" (Build target(s)).

Build succeeded.

Time Elapsed 00:00:02.98
